
Showing logs for build [32mcb-kubecd-environment-pr-182-1-m9x2h-1[0m stage [32mfrom-build-pack[0m and container [32mstep-credential-initializer-pxfqq[0m
{"level":"warn","ts":1584158508.3270533,"logger":"fallback-logger","caller":"logging/config.go:69","msg":"Fetch GitHub commit ID from kodata failed: \"ref: refs/heads/0.8.0-**-support-backwards-incompats\" is not a valid GitHub commit ID"}
{"level":"info","ts":1584158508.3820128,"logger":"fallback-logger","caller":"creds-init/main.go:40","msg":"Credentials initialized."}

Showing logs for build [32mcb-kubecd-environment-pr-182-1-m9x2h-1[0m stage [32mfrom-build-pack[0m and container [32mstep-working-dir-initializer-sh84l[0m
{"level":"warn","ts":1584158509.3628352,"logger":"fallback-logger","caller":"logging/config.go:69","msg":"Fetch GitHub commit ID from kodata failed: open /var/run/ko/HEAD: no such file or directory"}
{"level":"info","ts":1584158509.3654857,"logger":"fallback-logger","caller":"bash/main.go:64","msg":"Successfully executed command \"sh -c mkdir -p /workspace/source\"; output "}

Showing logs for build [32mcb-kubecd-environment-pr-182-1-m9x2h-1[0m stage [32mfrom-build-pack[0m and container [32mstep-place-tools[0m

Showing logs for build [32mcb-kubecd-environment-pr-182-1-m9x2h-1[0m stage [32mfrom-build-pack[0m and container [32mstep-git-source-cb-kubecd-environment-pr-182-1-m9x2h-plbwg[0m
{"level":"warn","ts":1584158514.6146152,"logger":"fallback-logger","caller":"logging/config.go:69","msg":"Fetch GitHub commit ID from kodata failed: \"ref: refs/heads/0.8.0-**-support-backwards-incompats\" is not a valid GitHub commit ID"}
{"level":"info","ts":1584158515.6824067,"logger":"fallback-logger","caller":"git/git.go:103","msg":"Successfully cloned https://github.com/cb-kubecd/environment-pr-182-1-boot-gke-staging.git @ master in path /workspace/source"}

Showing logs for build [32mcb-kubecd-environment-pr-182-1-m9x2h-1[0m stage [32mfrom-build-pack[0m and container [32mstep-git-merge[0m
Using SHAs from PULL_REFS=master:e160cd4be20c62f2b15d51f776a5c78eaf0e0dc6,7:c4fe793bd12bfaa6cb86db6b7c88479ab2dc11cf
DEBUG: LC_ALL=C JX_LOG_LEVEL=error git fetch origin --unshallow c4fe793bd12bfaa6cb86db6b7c88479ab2dc11cf: e160cd4be20c62f2b15d51f776a5c78eaf0e0dc6:
DEBUG: ran git fetch --unshallow origin c4fe793bd12bfaa6cb86db6b7c88479ab2dc11cf: e160cd4be20c62f2b15d51f776a5c78eaf0e0dc6: in 
DEBUG: LC_ALL=C JX_LOG_LEVEL=error git branch
DEBUG: LC_ALL=C JX_LOG_LEVEL=error git checkout master
DEBUG: ran git checkout master in 
DEBUG: LC_ALL=C JX_LOG_LEVEL=error git reset --hard e160cd4be20c62f2b15d51f776a5c78eaf0e0dc6
DEBUG: ran git reset --hard e160cd4be20c62f2b15d51f776a5c78eaf0e0dc6 in 
DEBUG: LC_ALL=C JX_LOG_LEVEL=error git clean -fd .
DEBUG: ran clean --force -d . in 
DEBUG: JX_LOG_LEVEL=error LC_ALL=C git merge c4fe793bd12bfaa6cb86db6b7c88479ab2dc11cf
DEBUG: ran git merge c4fe793bd12bfaa6cb86db6b7c88479ab2dc11cf in 
DEBUG: LC_ALL=C JX_LOG_LEVEL=error git log --format=%H%x1f%an%x1f%ae%x1f%cn%x1f%ce%x1f%s%n%b%x1e e160cd4be20c62f2b15d51f776a5c78eaf0e0dc6..HEAD
Merged SHA c4fe793bd12bfaa6cb86db6b7c88479ab2dc11cf with commit message 'chore: Promote bdd-nh-import-1584157133 to version 0.0.1' into base branch master

Showing logs for build [32mcb-kubecd-environment-pr-182-1-m9x2h-1[0m stage [32mfrom-build-pack[0m and container [32mstep-build-helm-build[0m
WARNING: No $CHART_REPOSITORY defined so using the default value of: http://jenkins-x-chartmuseum:8080
Adding missing Helm repo: storage.googleapis.com https://storage.googleapis.com/chartmuseum.jenkins-x.io
WARNING: No secrets found on "helm/repos" due: reading the secret "helm/repos" from vault: no secret "helm/repos" not found in vault
Read credentials for https://storage.googleapis.com/chartmuseum.jenkins-x.io from vault helm/repos
Successfully added Helm repository storage.googleapis.com.
Adding missing Helm repo: jenkins-x-chartmuseum http://jenkins-x-chartmuseum:8080
WARNING: No secrets found on "helm/repos" due: reading the secret "helm/repos" from vault: no secret "helm/repos" not found in vault
Read credentials for http://jenkins-x-chartmuseum:8080 from vault helm/repos
Successfully added Helm repository jenkins-x-chartmuseum.
WARNING: No $CHART_REPOSITORY defined so using the default value of: http://jenkins-x-chartmuseum:8080
Adding missing Helm repo: chartmuseum.jenkins-x.io http://chartmuseum.jenkins-x.io
WARNING: No secrets found on "helm/repos" due: reading the secret "helm/repos" from vault: no secret "helm/repos" not found in vault
Read credentials for http://chartmuseum.jenkins-x.io from vault helm/repos
Successfully added Helm repository chartmuseum.jenkins-x.io.
