
Showing logs for build [32mcb-kubecd-environment-pr-182-1-t8g9g-1[0m stage [32mfrom-build-pack[0m and container [32mstep-credential-initializer-gc7rb[0m
{"level":"warn","ts":1584155903.039323,"logger":"fallback-logger","caller":"logging/config.go:69","msg":"Fetch GitHub commit ID from kodata failed: \"ref: refs/heads/0.8.0-**-support-backwards-incompats\" is not a valid GitHub commit ID"}
{"level":"info","ts":1584155903.0399554,"logger":"fallback-logger","caller":"creds-init/main.go:40","msg":"Credentials initialized."}

Showing logs for build [32mcb-kubecd-environment-pr-182-1-t8g9g-1[0m stage [32mfrom-build-pack[0m and container [32mstep-working-dir-initializer-mw9tb[0m
{"level":"warn","ts":1584155904.0383406,"logger":"fallback-logger","caller":"logging/config.go:69","msg":"Fetch GitHub commit ID from kodata failed: open /var/run/ko/HEAD: no such file or directory"}
{"level":"info","ts":1584155904.0410838,"logger":"fallback-logger","caller":"bash/main.go:64","msg":"Successfully executed command \"sh -c mkdir -p /workspace/source\"; output "}

Showing logs for build [32mcb-kubecd-environment-pr-182-1-t8g9g-1[0m stage [32mfrom-build-pack[0m and container [32mstep-place-tools[0m

Showing logs for build [32mcb-kubecd-environment-pr-182-1-t8g9g-1[0m stage [32mfrom-build-pack[0m and container [32mstep-git-source-cb-kubecd-environment-pr-182-1-t8g9g-22jnb[0m
{"level":"warn","ts":1584155908.2653222,"logger":"fallback-logger","caller":"logging/config.go:69","msg":"Fetch GitHub commit ID from kodata failed: \"ref: refs/heads/0.8.0-**-support-backwards-incompats\" is not a valid GitHub commit ID"}
{"level":"info","ts":1584155909.306983,"logger":"fallback-logger","caller":"git/git.go:103","msg":"Successfully cloned https://github.com/cb-kubecd/environment-pr-182-1-boot-gke-staging.git @ master in path /workspace/source"}

Showing logs for build [32mcb-kubecd-environment-pr-182-1-t8g9g-1[0m stage [32mfrom-build-pack[0m and container [32mstep-git-merge[0m
Using SHAs from PULL_REFS=master:1eb4c4c7f75513adc1b2fe320c1c438cbd66a88a,3:a5dcfbaf14d5f01b5ebe7e88be9b82478dcd2462
DEBUG: LC_ALL=C JX_LOG_LEVEL=error git fetch origin --unshallow a5dcfbaf14d5f01b5ebe7e88be9b82478dcd2462: 1eb4c4c7f75513adc1b2fe320c1c438cbd66a88a:
DEBUG: ran git fetch --unshallow origin a5dcfbaf14d5f01b5ebe7e88be9b82478dcd2462: 1eb4c4c7f75513adc1b2fe320c1c438cbd66a88a: in 
DEBUG: LC_ALL=C JX_LOG_LEVEL=error git branch
DEBUG: LC_ALL=C JX_LOG_LEVEL=error git checkout master
DEBUG: ran git checkout master in 
DEBUG: LC_ALL=C JX_LOG_LEVEL=error git reset --hard 1eb4c4c7f75513adc1b2fe320c1c438cbd66a88a
DEBUG: ran git reset --hard 1eb4c4c7f75513adc1b2fe320c1c438cbd66a88a in 
DEBUG: LC_ALL=C JX_LOG_LEVEL=error git clean -fd .
DEBUG: ran clean --force -d . in 
DEBUG: LC_ALL=C JX_LOG_LEVEL=error git merge a5dcfbaf14d5f01b5ebe7e88be9b82478dcd2462
DEBUG: ran git merge a5dcfbaf14d5f01b5ebe7e88be9b82478dcd2462 in 
DEBUG: LC_ALL=C JX_LOG_LEVEL=error git log --format=%H%x1f%an%x1f%ae%x1f%cn%x1f%ce%x1f%s%n%b%x1e 1eb4c4c7f75513adc1b2fe320c1c438cbd66a88a..HEAD
Merged SHA a5dcfbaf14d5f01b5ebe7e88be9b82478dcd2462 with commit message 'chore: Promote bdd-sbhg-1584154861 to version 0.0.1' into base branch master

Showing logs for build [32mcb-kubecd-environment-pr-182-1-t8g9g-1[0m stage [32mfrom-build-pack[0m and container [32mstep-build-helm-build[0m
WARNING: No $CHART_REPOSITORY defined so using the default value of: http://jenkins-x-chartmuseum:8080
Adding missing Helm repo: storage.googleapis.com https://storage.googleapis.com/chartmuseum.jenkins-x.io
WARNING: No secrets found on "helm/repos" due: reading the secret "helm/repos" from vault: no secret "helm/repos" not found in vault
Read credentials for https://storage.googleapis.com/chartmuseum.jenkins-x.io from vault helm/repos
Successfully added Helm repository storage.googleapis.com.
Adding missing Helm repo: jenkins-x-chartmuseum http://jenkins-x-chartmuseum:8080
WARNING: No secrets found on "helm/repos" due: reading the secret "helm/repos" from vault: no secret "helm/repos" not found in vault
Read credentials for http://jenkins-x-chartmuseum:8080 from vault helm/repos
Successfully added Helm repository jenkins-x-chartmuseum.
WARNING: No $CHART_REPOSITORY defined so using the default value of: http://jenkins-x-chartmuseum:8080
Adding missing Helm repo: chartmuseum.jenkins-x.io http://chartmuseum.jenkins-x.io
WARNING: No secrets found on "helm/repos" due: reading the secret "helm/repos" from vault: no secret "helm/repos" not found in vault
Read credentials for http://chartmuseum.jenkins-x.io from vault helm/repos
Successfully added Helm repository chartmuseum.jenkins-x.io.
